mode: count
github.com/sagar23sj/go-ecommerce/internal/api/order.go:17.94,18.54 1 0
github.com/sagar23sj/go-ecommerce/internal/api/order.go:18.54,23.17 4 0
github.com/sagar23sj/go-ecommerce/internal/api/order.go:23.17,29.4 3 0
github.com/sagar23sj/go-ecommerce/internal/api/order.go:31.3,32.17 2 0
github.com/sagar23sj/go-ecommerce/internal/api/order.go:32.17,38.4 3 0
github.com/sagar23sj/go-ecommerce/internal/api/order.go:40.3,41.17 2 0
github.com/sagar23sj/go-ecommerce/internal/api/order.go:41.17,48.4 4 0
github.com/sagar23sj/go-ecommerce/internal/api/order.go:50.3,50.68 1 0
github.com/sagar23sj/go-ecommerce/internal/api/order.go:54.98,55.54 1 3
github.com/sagar23sj/go-ecommerce/internal/api/order.go:55.54,59.17 4 3
github.com/sagar23sj/go-ecommerce/internal/api/order.go:59.17,67.4 3 1
github.com/sagar23sj/go-ecommerce/internal/api/order.go:69.3,70.17 2 2
github.com/sagar23sj/go-ecommerce/internal/api/order.go:70.17,78.4 4 1
github.com/sagar23sj/go-ecommerce/internal/api/order.go:80.3,80.62 1 1
github.com/sagar23sj/go-ecommerce/internal/api/order.go:84.100,85.54 1 3
github.com/sagar23sj/go-ecommerce/internal/api/order.go:85.54,90.17 4 3
github.com/sagar23sj/go-ecommerce/internal/api/order.go:90.17,96.4 3 0
github.com/sagar23sj/go-ecommerce/internal/api/order.go:98.3,99.17 2 3
github.com/sagar23sj/go-ecommerce/internal/api/order.go:99.17,106.4 4 2
github.com/sagar23sj/go-ecommerce/internal/api/order.go:108.3,108.63 1 1
github.com/sagar23sj/go-ecommerce/internal/api/order.go:112.93,113.54 1 2
github.com/sagar23sj/go-ecommerce/internal/api/order.go:113.54,116.17 3 2
github.com/sagar23sj/go-ecommerce/internal/api/order.go:116.17,123.4 3 1
github.com/sagar23sj/go-ecommerce/internal/api/order.go:125.3,125.62 1 1
github.com/sagar23sj/go-ecommerce/internal/api/product.go:15.97,16.54 1 3
github.com/sagar23sj/go-ecommerce/internal/api/product.go:16.54,20.17 4 3
github.com/sagar23sj/go-ecommerce/internal/api/product.go:20.17,28.4 3 1
github.com/sagar23sj/go-ecommerce/internal/api/product.go:30.3,31.17 2 2
github.com/sagar23sj/go-ecommerce/internal/api/product.go:31.17,39.4 4 1
github.com/sagar23sj/go-ecommerce/internal/api/product.go:41.3,41.62 1 1
github.com/sagar23sj/go-ecommerce/internal/api/product.go:45.98,46.54 1 2
github.com/sagar23sj/go-ecommerce/internal/api/product.go:46.54,49.17 3 2
github.com/sagar23sj/go-ecommerce/internal/api/product.go:49.17,56.4 3 1
github.com/sagar23sj/go-ecommerce/internal/api/product.go:58.3,58.62 1 1
github.com/sagar23sj/go-ecommerce/internal/api/router.go:9.50,13.34 2 0
github.com/sagar23sj/go-ecommerce/internal/api/router.go:13.34,21.3 5 0
github.com/sagar23sj/go-ecommerce/internal/api/router.go:24.2,24.34 1 0
github.com/sagar23sj/go-ecommerce/internal/api/router.go:24.34,30.3 3 0
github.com/sagar23sj/go-ecommerce/internal/api/router.go:32.2,32.15 1 0
github.com/sagar23sj/go-ecommerce/internal/app/order/domain.go:44.102,49.41 3 12
github.com/sagar23sj/go-ecommerce/internal/app/order/domain.go:49.41,51.3 1 1
github.com/sagar23sj/go-ecommerce/internal/app/order/domain.go:54.2,54.81 1 11
github.com/sagar23sj/go-ecommerce/internal/app/order/domain.go:54.81,56.3 1 2
github.com/sagar23sj/go-ecommerce/internal/app/order/domain.go:59.2,59.46 1 9
github.com/sagar23sj/go-ecommerce/internal/app/order/domain.go:59.46,61.3 1 3
github.com/sagar23sj/go-ecommerce/internal/app/order/domain.go:64.2,64.52 1 6
github.com/sagar23sj/go-ecommerce/internal/app/order/domain.go:64.52,66.3 1 2
github.com/sagar23sj/go-ecommerce/internal/app/order/domain.go:68.2,68.13 1 4
github.com/sagar23sj/go-ecommerce/internal/app/order/domain.go:71.99,74.39 2 3
github.com/sagar23sj/go-ecommerce/internal/app/order/domain.go:74.39,79.3 1 4
github.com/sagar23sj/go-ecommerce/internal/app/order/domain.go:81.2,82.33 2 3
github.com/sagar23sj/go-ecommerce/internal/app/order/domain.go:82.33,84.3 1 2
github.com/sagar23sj/go-ecommerce/internal/app/order/domain.go:86.2,96.3 1 3
github.com/sagar23sj/go-ecommerce/internal/app/order/service.go:30.38,36.2 1 10
github.com/sagar23sj/go-ecommerce/internal/app/order/service.go:38.119,41.16 2 4
github.com/sagar23sj/go-ecommerce/internal/app/order/service.go:41.16,43.3 1 0
github.com/sagar23sj/go-ecommerce/internal/app/order/service.go:45.2,45.15 1 4
github.com/sagar23sj/go-ecommerce/internal/app/order/service.go:45.15,47.19 2 4
github.com/sagar23sj/go-ecommerce/internal/app/order/service.go:47.19,50.4 2 0
github.com/sagar23sj/go-ecommerce/internal/app/order/service.go:53.2,54.16 2 4
github.com/sagar23sj/go-ecommerce/internal/app/order/service.go:54.16,56.3 1 2
github.com/sagar23sj/go-ecommerce/internal/app/order/service.go:59.2,63.16 3 2
github.com/sagar23sj/go-ecommerce/internal/app/order/service.go:63.16,65.3 1 0
github.com/sagar23sj/go-ecommerce/internal/app/order/service.go:67.2,68.42 2 2
github.com/sagar23sj/go-ecommerce/internal/app/order/service.go:68.42,74.3 1 4
github.com/sagar23sj/go-ecommerce/internal/app/order/service.go:77.2,78.16 2 2
github.com/sagar23sj/go-ecommerce/internal/app/order/service.go:78.16,80.3 1 0
github.com/sagar23sj/go-ecommerce/internal/app/order/service.go:83.2,84.39 2 2
github.com/sagar23sj/go-ecommerce/internal/app/order/service.go:84.39,86.3 1 4
github.com/sagar23sj/go-ecommerce/internal/app/order/service.go:88.2,89.16 2 2
github.com/sagar23sj/go-ecommerce/internal/app/order/service.go:89.16,91.3 1 0
github.com/sagar23sj/go-ecommerce/internal/app/order/service.go:93.2,94.19 2 2
github.com/sagar23sj/go-ecommerce/internal/app/order/service.go:97.105,99.16 2 0
github.com/sagar23sj/go-ecommerce/internal/app/order/service.go:99.16,101.3 1 0
github.com/sagar23sj/go-ecommerce/internal/app/order/service.go:103.2,103.25 1 0
github.com/sagar23sj/go-ecommerce/internal/app/order/service.go:103.25,105.3 1 0
github.com/sagar23sj/go-ecommerce/internal/app/order/service.go:107.2,108.16 2 0
github.com/sagar23sj/go-ecommerce/internal/app/order/service.go:108.16,110.3 1 0
github.com/sagar23sj/go-ecommerce/internal/app/order/service.go:112.2,113.19 2 0
github.com/sagar23sj/go-ecommerce/internal/app/order/service.go:116.73,120.16 3 0
github.com/sagar23sj/go-ecommerce/internal/app/order/service.go:120.16,122.3 1 0
github.com/sagar23sj/go-ecommerce/internal/app/order/service.go:124.2,124.36 1 0
github.com/sagar23sj/go-ecommerce/internal/app/order/service.go:124.36,126.3 1 0
github.com/sagar23sj/go-ecommerce/internal/app/order/service.go:128.2,128.23 1 0
github.com/sagar23sj/go-ecommerce/internal/app/order/service.go:131.118,134.16 2 4
github.com/sagar23sj/go-ecommerce/internal/app/order/service.go:134.16,136.3 1 0
github.com/sagar23sj/go-ecommerce/internal/app/order/service.go:138.2,138.15 1 4
github.com/sagar23sj/go-ecommerce/internal/app/order/service.go:138.15,140.19 2 4
github.com/sagar23sj/go-ecommerce/internal/app/order/service.go:140.19,143.4 2 0
github.com/sagar23sj/go-ecommerce/internal/app/order/service.go:147.2,147.42 1 4
github.com/sagar23sj/go-ecommerce/internal/app/order/service.go:147.42,149.3 1 1
github.com/sagar23sj/go-ecommerce/internal/app/order/service.go:151.2,152.16 2 3
github.com/sagar23sj/go-ecommerce/internal/app/order/service.go:152.16,154.3 1 0
github.com/sagar23sj/go-ecommerce/internal/app/order/service.go:157.2,157.25 1 3
github.com/sagar23sj/go-ecommerce/internal/app/order/service.go:157.25,159.3 1 1
github.com/sagar23sj/go-ecommerce/internal/app/order/service.go:162.2,163.22 2 2
github.com/sagar23sj/go-ecommerce/internal/app/order/service.go:163.22,169.3 1 1
github.com/sagar23sj/go-ecommerce/internal/app/order/service.go:172.2,173.16 2 1
github.com/sagar23sj/go-ecommerce/internal/app/order/service.go:173.16,175.3 1 0
github.com/sagar23sj/go-ecommerce/internal/app/order/service.go:178.2,178.93 1 1
github.com/sagar23sj/go-ecommerce/internal/app/order/service.go:178.93,181.17 2 0
github.com/sagar23sj/go-ecommerce/internal/app/order/service.go:181.17,183.4 1 0
github.com/sagar23sj/go-ecommerce/internal/app/order/service.go:185.3,186.37 2 0
github.com/sagar23sj/go-ecommerce/internal/app/order/service.go:186.37,189.18 2 0
github.com/sagar23sj/go-ecommerce/internal/app/order/service.go:189.18,191.5 1 0
github.com/sagar23sj/go-ecommerce/internal/app/order/service.go:193.4,193.73 1 0
github.com/sagar23sj/go-ecommerce/internal/app/order/service.go:196.3,197.17 2 0
github.com/sagar23sj/go-ecommerce/internal/app/order/service.go:197.17,199.4 1 0
github.com/sagar23sj/go-ecommerce/internal/app/order/service.go:204.2,204.47 1 1
github.com/sagar23sj/go-ecommerce/internal/app/order/service.go:204.47,207.17 3 1
github.com/sagar23sj/go-ecommerce/internal/app/order/service.go:207.17,209.4 1 0
github.com/sagar23sj/go-ecommerce/internal/app/order/service.go:212.2,213.16 2 1
github.com/sagar23sj/go-ecommerce/internal/app/order/service.go:213.16,215.3 1 0
github.com/sagar23sj/go-ecommerce/internal/app/order/service.go:217.2,218.19 2 1
github.com/sagar23sj/go-ecommerce/internal/app/order/service.go:222.76,231.38 6 4
github.com/sagar23sj/go-ecommerce/internal/app/order/service.go:231.38,233.17 2 6
github.com/sagar23sj/go-ecommerce/internal/app/order/service.go:233.17,235.4 1 0
github.com/sagar23sj/go-ecommerce/internal/app/order/service.go:238.3,238.38 1 6
github.com/sagar23sj/go-ecommerce/internal/app/order/service.go:238.38,244.4 1 1
github.com/sagar23sj/go-ecommerce/internal/app/order/service.go:247.3,247.40 1 5
github.com/sagar23sj/go-ecommerce/internal/app/order/service.go:247.40,253.4 1 1
github.com/sagar23sj/go-ecommerce/internal/app/order/service.go:255.3,258.61 2 4
github.com/sagar23sj/go-ecommerce/internal/app/order/service.go:258.61,260.4 1 4
github.com/sagar23sj/go-ecommerce/internal/app/order/service.go:263.3,266.5 1 4
github.com/sagar23sj/go-ecommerce/internal/app/order/service.go:269.2,271.55 2 2
github.com/sagar23sj/go-ecommerce/internal/app/order/service.go:271.55,274.3 2 1
github.com/sagar23sj/go-ecommerce/internal/app/order/service.go:276.2,282.40 2 2
github.com/sagar23sj/go-ecommerce/internal/app/product/domain.go:16.65,26.2 1 2
github.com/sagar23sj/go-ecommerce/internal/app/product/domain.go:28.65,35.2 1 0
github.com/sagar23sj/go-ecommerce/internal/app/product/service.go:21.63,25.2 1 9
github.com/sagar23sj/go-ecommerce/internal/app/product/service.go:27.121,29.16 2 2
github.com/sagar23sj/go-ecommerce/internal/app/product/service.go:29.16,31.3 1 0
github.com/sagar23sj/go-ecommerce/internal/app/product/service.go:33.2,33.27 1 2
github.com/sagar23sj/go-ecommerce/internal/app/product/service.go:33.27,35.3 1 1
github.com/sagar23sj/go-ecommerce/internal/app/product/service.go:37.2,38.25 2 1
github.com/sagar23sj/go-ecommerce/internal/app/product/service.go:41.77,45.16 3 2
github.com/sagar23sj/go-ecommerce/internal/app/product/service.go:45.16,47.3 1 1
github.com/sagar23sj/go-ecommerce/internal/app/product/service.go:49.2,49.45 1 1
github.com/sagar23sj/go-ecommerce/internal/app/product/service.go:49.45,51.3 1 1
github.com/sagar23sj/go-ecommerce/internal/app/product/service.go:53.2,53.22 1 1
github.com/sagar23sj/go-ecommerce/internal/app/product/service.go:56.133,59.2 2 2
